[2025-12-17 07:04:23] === Starting store_contact.php ===
[2025-12-17 07:04:23] Request Method: POST
[2025-12-17 07:04:23] POST Data: {"upload_only":"1"}
[2025-12-17 07:04:23] FILES Data: {"address_proof_file":{"name":"LOCATION ENABLING STEPS FOR IPHONE (1).pdf","full_path":"LOCATION ENABLING STEPS FOR IPHONE (1).pdf","type":"application\/pdf","tmp_name":"C:\\xampp\\tmp\\php7017.tmp","error":0,"size":336831}}
[2025-12-17 07:04:23] SESSION Data: {"login_captcha":"XZAGMU","application_id":"APP-20251213073858362","logged_in":true,"user_name":"Demo User"}
[2025-12-17 07:04:23] Database config loaded successfully
[2025-12-17 07:04:23] Database connection established
[2025-12-17 07:04:23] Application ID: APP-20251213073858362
[2025-12-17 07:04:23] PDOException: SQLSTATE[42S02]: Base table or view not found: 1146 Table 'vati.bgv.payfiller.com.Vati_Payfiller_Applications' doesn't exist
[2025-12-17 07:04:23] SQL Error Code: 42S02
[2025-12-17 07:04:23] SQL State: 42S02
[2025-12-17 07:04:25] === Starting store_contact.php ===
[2025-12-17 07:04:25] Request Method: POST
[2025-12-17 07:04:25] POST Data: {"current_address1":"near konark theatre,Dilsukhnagar,Hyderabad ","current_address2":"ded ","current_city":"Hyderabad ","current_state":"Telangana ","current_country":"India ","current_postal_code":"500070 ","same_as_current":"1","permanent_address1":"near konark theatre,Dilsukhnagar,Hyderabad ","permanent_address2":"ded ","permanent_city":"Hyderabad ","permanent_state":"Telangana ","permanent_country":"India ","permanent_postal_code":"500070 ","proof_type":"Aadhaar","existing_file":"1765890401_address_6941596186150.pdf","application_id":"APP-20251213073858362"}
[2025-12-17 07:04:25] FILES Data: {"address_proof_file":{"name":"LOCATION ENABLING STEPS FOR IPHONE (1).pdf","full_path":"LOCATION ENABLING STEPS FOR IPHONE (1).pdf","type":"application\/pdf","tmp_name":"C:\\xampp\\tmp\\php79CC.tmp","error":0,"size":336831}}
[2025-12-17 07:04:25] SESSION Data: {"login_captcha":"XZAGMU","application_id":"APP-20251213073858362","logged_in":true,"user_name":"Demo User"}
[2025-12-17 07:04:25] Database config loaded successfully
[2025-12-17 07:04:25] Database connection established
[2025-12-17 07:04:25] Application ID: APP-20251213073858362
[2025-12-17 07:04:26] PDOException: SQLSTATE[42S02]: Base table or view not found: 1146 Table 'vati.bgv.payfiller.com.Vati_Payfiller_Applications' doesn't exist
[2025-12-17 07:04:26] SQL Error Code: 42S02
[2025-12-17 07:04:26] SQL State: 42S02
[2025-12-17 07:05:27] === Starting store_contact.php ===
[2025-12-17 07:05:27] Request Method: POST
[2025-12-17 07:05:27] POST Data: {"current_address1":"near konark theatre,Dilsukhnagar,Hyderabad ","current_address2":"ded ","current_city":"Hyderabad ","current_state":"Telangana ","current_country":"India ","current_postal_code":"500070 ","same_as_current":"1","permanent_address1":"near konark theatre,Dilsukhnagar,Hyderabad ","permanent_address2":"ded ","permanent_city":"Hyderabad ","permanent_state":"Telangana ","permanent_country":"India ","permanent_postal_code":"500070 ","proof_type":"Aadhaar","existing_file":"1765890401_address_6941596186150.pdf","application_id":"APP-20251213073858362","is_draft":"1","save_type":"auto","page_id":"contact"}
[2025-12-17 07:05:27] FILES Data: {"address_proof_file":{"name":"LOCATION ENABLING STEPS FOR IPHONE (1).pdf","full_path":"LOCATION ENABLING STEPS FOR IPHONE (1).pdf","type":"application\/pdf","tmp_name":"C:\\xampp\\tmp\\php6DB3.tmp","error":0,"size":336831}}
[2025-12-17 07:05:27] SESSION Data: {"login_captcha":"XZAGMU","application_id":"APP-20251213073858362","logged_in":true,"user_name":"Demo User"}
[2025-12-17 07:05:27] Database config loaded successfully
[2025-12-17 07:05:28] Database connection established
[2025-12-17 07:05:28] Application ID: APP-20251213073858362
[2025-12-17 07:05:28] PDOException: SQLSTATE[42S02]: Base table or view not found: 1146 Table 'vati.bgv.payfiller.com.Vati_Payfiller_Applications' doesn't exist
[2025-12-17 07:05:28] SQL Error Code: 42S02
[2025-12-17 07:05:28] SQL State: 42S02
[2025-12-17 07:07:32] === Starting store_contact.php ===
[2025-12-17 07:07:32] Request Method: POST
[2025-12-17 07:07:32] POST Data: {"upload_only":"1"}
[2025-12-17 07:07:32] FILES Data: {"address_proof_file":{"name":"LOCATION ENABLING STEPS FOR IPHONE (1).pdf","full_path":"LOCATION ENABLING STEPS FOR IPHONE (1).pdf","type":"application\/pdf","tmp_name":"C:\\xampp\\tmp\\php537B.tmp","error":0,"size":336831}}
[2025-12-17 07:07:32] SESSION Data: {"login_captcha":"XZAGMU","application_id":"APP-20251213073858362","logged_in":true,"user_name":"Demo User"}
[2025-12-17 07:07:32] Database config loaded successfully
[2025-12-17 07:07:32] Database connection established
[2025-12-17 07:07:32] Application ID: APP-20251213073858362
[2025-12-17 07:07:33] Application exists check: NO
[2025-12-17 07:07:33] Exception: Application not found. Please start a new application.
[2025-12-17 07:07:36] === Starting store_contact.php ===
[2025-12-17 07:07:36] Request Method: POST
[2025-12-17 07:07:36] POST Data: {"current_address1":"near konark theatre,Dilsukhnagar,Hyderabad ","current_address2":"ded ","current_city":"Hyderabad ","current_state":"Telangana ","current_country":"India ","current_postal_code":"500070 ","same_as_current":"1","permanent_address1":"near konark theatre,Dilsukhnagar,Hyderabad ","permanent_address2":"ded ","permanent_city":"Hyderabad ","permanent_state":"Telangana ","permanent_country":"India ","permanent_postal_code":"500070 ","proof_type":"Aadhaar","existing_file":"1765890401_address_6941596186150.pdf","application_id":"APP-20251213073858362"}
[2025-12-17 07:07:36] FILES Data: {"address_proof_file":{"name":"LOCATION ENABLING STEPS FOR IPHONE (1).pdf","full_path":"LOCATION ENABLING STEPS FOR IPHONE (1).pdf","type":"application\/pdf","tmp_name":"C:\\xampp\\tmp\\php62FD.tmp","error":0,"size":336831}}
[2025-12-17 07:07:36] SESSION Data: {"login_captcha":"XZAGMU","application_id":"APP-20251213073858362","logged_in":true,"user_name":"Demo User"}
[2025-12-17 07:07:36] Database config loaded successfully
[2025-12-17 07:07:36] Database connection established
[2025-12-17 07:07:36] Application ID: APP-20251213073858362
[2025-12-17 07:07:36] Application exists check: NO
[2025-12-17 07:07:36] Exception: Application not found. Please start a new application.
[2025-12-17 07:07:39] === Starting store_contact.php ===
[2025-12-17 07:07:39] Request Method: POST
[2025-12-17 07:07:39] POST Data: {"current_address1":"near konark theatre,Dilsukhnagar,Hyderabad ","current_address2":"ded ","current_city":"Hyderabad ","current_state":"Telangana ","current_country":"India ","current_postal_code":"500070 ","same_as_current":"1","permanent_address1":"near konark theatre,Dilsukhnagar,Hyderabad ","permanent_address2":"ded ","permanent_city":"Hyderabad ","permanent_state":"Telangana ","permanent_country":"India ","permanent_postal_code":"500070 ","proof_type":"Aadhaar","existing_file":"1765890401_address_6941596186150.pdf","application_id":"APP-20251213073858362","is_draft":"1","save_type":"auto","page_id":"contact"}
[2025-12-17 07:07:39] FILES Data: {"address_proof_file":{"name":"LOCATION ENABLING STEPS FOR IPHONE (1).pdf","full_path":"LOCATION ENABLING STEPS FOR IPHONE (1).pdf","type":"application\/pdf","tmp_name":"C:\\xampp\\tmp\\php6E87.tmp","error":0,"size":336831}}
[2025-12-17 07:07:39] SESSION Data: {"login_captcha":"XZAGMU","application_id":"APP-20251213073858362","logged_in":true,"user_name":"Demo User"}
[2025-12-17 07:07:39] Database config loaded successfully
[2025-12-17 07:07:39] Database connection established
[2025-12-17 07:07:39] Application ID: APP-20251213073858362
[2025-12-17 07:07:39] Application exists check: NO
[2025-12-17 07:07:39] Exception: Application not found. Please start a new application.
[2025-12-17 07:07:50] === Starting store_contact.php ===
[2025-12-17 07:07:50] Request Method: POST
[2025-12-17 07:07:50] POST Data: {"upload_only":"1"}
[2025-12-17 07:07:50] FILES Data: {"address_proof_file":{"name":"PART A.pdf","full_path":"PART A.pdf","type":"application\/pdf","tmp_name":"C:\\xampp\\tmp\\php9B16.tmp","error":0,"size":402175}}
[2025-12-17 07:07:50] SESSION Data: {"login_captcha":"XZAGMU","application_id":"APP-20251213073858362","logged_in":true,"user_name":"Demo User"}
[2025-12-17 07:07:50] Database config loaded successfully
[2025-12-17 07:07:51] Database connection established
[2025-12-17 07:07:51] Application ID: APP-20251213073858362
[2025-12-17 07:07:51] Application exists check: NO
[2025-12-17 07:07:51] Exception: Application not found. Please start a new application.
[2025-12-17 07:07:53] === Starting store_contact.php ===
[2025-12-17 07:07:53] Request Method: POST
[2025-12-17 07:07:53] POST Data: {"current_address1":"near konark theatre,Dilsukhnagar,Hyderabad ","current_address2":"ded ","current_city":"Hyderabad ","current_state":"Telangana ","current_country":"India ","current_postal_code":"500070 ","same_as_current":"1","permanent_address1":"near konark theatre,Dilsukhnagar,Hyderabad ","permanent_address2":"ded ","permanent_city":"Hyderabad ","permanent_state":"Telangana ","permanent_country":"India ","permanent_postal_code":"500070 ","proof_type":"Aadhaar","existing_file":"1765890401_address_6941596186150.pdf","application_id":"APP-20251213073858362"}
[2025-12-17 07:07:53] FILES Data: {"address_proof_file":{"name":"PART A.pdf","full_path":"PART A.pdf","type":"application\/pdf","tmp_name":"C:\\xampp\\tmp\\phpA808.tmp","error":0,"size":402175}}
[2025-12-17 07:07:53] SESSION Data: {"login_captcha":"XZAGMU","application_id":"APP-20251213073858362","logged_in":true,"user_name":"Demo User"}
[2025-12-17 07:07:53] Database config loaded successfully
[2025-12-17 07:07:54] Database connection established
[2025-12-17 07:07:54] Application ID: APP-20251213073858362
[2025-12-17 07:07:54] Application exists check: NO
[2025-12-17 07:07:54] Exception: Application not found. Please start a new application.
[2025-12-17 07:08:33] === Starting store_contact.php ===
[2025-12-17 07:08:33] Request Method: POST
[2025-12-17 07:08:33] POST Data: {"current_address1":"near konark theatre,Dilsukhnagar,Hyderabad ","current_address2":"ded ","current_city":"Hyderabad ","current_state":"Telangana","current_country":"India","current_postal_code":"500070","same_as_current":"1","permanent_address1":"near konark theatre,Dilsukhnagar,Hyderabad ","permanent_address2":"ded ","permanent_city":"Hyderabad ","permanent_state":"Telangana","permanent_country":"India","permanent_postal_code":"500070","proof_type":"","existing_file":"","application_id":"APP-20251217070805839","is_draft":"1","save_type":"auto","page_id":"contact"}
[2025-12-17 07:08:33] FILES Data: {"address_proof_file":{"name":"","full_path":"","type":"","tmp_name":"","error":4,"size":0}}
[2025-12-17 07:08:33] SESSION Data: {"application_id":"APP-20251217070805839","logged_in":true,"user_name":"Demo User"}
[2025-12-17 07:08:33] Database config loaded successfully
[2025-12-17 07:08:33] Database connection established
[2025-12-17 07:08:33] Application ID: APP-20251217070805839
[2025-12-17 07:08:33] Application exists check: NO
[2025-12-17 07:08:33] Exception: Application not found. Please start a new application.
[2025-12-17 07:08:41] === Starting store_contact.php ===
[2025-12-17 07:08:41] Request Method: POST
[2025-12-17 07:08:41] POST Data: {"upload_only":"1"}
[2025-12-17 07:08:41] FILES Data: {"address_proof_file":{"name":"PART A.pdf","full_path":"PART A.pdf","type":"application\/pdf","tmp_name":"C:\\xampp\\tmp\\php60E9.tmp","error":0,"size":402175}}
[2025-12-17 07:08:41] SESSION Data: {"application_id":"APP-20251217070805839","logged_in":true,"user_name":"Demo User"}
[2025-12-17 07:08:41] Database config loaded successfully
[2025-12-17 07:08:41] Database connection established
[2025-12-17 07:08:41] Application ID: APP-20251217070805839
[2025-12-17 07:08:41] Application exists check: NO
[2025-12-17 07:08:41] Exception: Application not found. Please start a new application.
[2025-12-17 07:08:44] === Starting store_contact.php ===
[2025-12-17 07:08:44] Request Method: POST
[2025-12-17 07:08:44] POST Data: {"current_address1":"near konark theatre,Dilsukhnagar,Hyderabad ","current_address2":"ded ","current_city":"Hyderabad ","current_state":"Telangana","current_country":"India","current_postal_code":"500070","same_as_current":"1","permanent_address1":"near konark theatre,Dilsukhnagar,Hyderabad ","permanent_address2":"ded ","permanent_city":"Hyderabad ","permanent_state":"Telangana","permanent_country":"India","permanent_postal_code":"500070","proof_type":"Driving License","existing_file":"","application_id":"APP-20251217070805839"}
[2025-12-17 07:08:44] FILES Data: {"address_proof_file":{"name":"PART A.pdf","full_path":"PART A.pdf","type":"application\/pdf","tmp_name":"C:\\xampp\\tmp\\php6C44.tmp","error":0,"size":402175}}
[2025-12-17 07:08:44] SESSION Data: {"application_id":"APP-20251217070805839","logged_in":true,"user_name":"Demo User"}
[2025-12-17 07:08:44] Database config loaded successfully
[2025-12-17 07:08:44] Database connection established
[2025-12-17 07:08:44] Application ID: APP-20251217070805839
[2025-12-17 07:08:44] Application exists check: NO
[2025-12-17 07:08:44] Exception: Application not found. Please start a new application.
[2025-12-17 07:08:59] === Starting store_contact.php ===
[2025-12-17 07:08:59] Request Method: POST
[2025-12-17 07:08:59] POST Data: {"current_address1":"near konark theatre,Dilsukhnagar,Hyderabad ","current_address2":"ded ","current_city":"Hyderabad ","current_state":"Telangana ","current_country":"India ","current_postal_code":"500070 ","same_as_current":"1","permanent_address1":"near konark theatre,Dilsukhnagar,Hyderabad ","permanent_address2":"ded ","permanent_city":"Hyderabad ","permanent_state":"Telangana ","permanent_country":"India ","permanent_postal_code":"500070 ","proof_type":"Aadhaar","existing_file":"1765890401_address_6941596186150.pdf","application_id":"APP-20251213073858362","is_draft":"1","save_type":"auto","page_id":"contact"}
[2025-12-17 07:08:59] FILES Data: {"address_proof_file":{"name":"PART A.pdf","full_path":"PART A.pdf","type":"application\/pdf","tmp_name":"C:\\xampp\\tmp\\phpA9FA.tmp","error":0,"size":402175}}
[2025-12-17 07:08:59] SESSION Data: {"login_captcha":"XZAGMU","application_id":"APP-20251213073858362","logged_in":true,"user_name":"Demo User"}
[2025-12-17 07:08:59] Database config loaded successfully
[2025-12-17 07:09:00] Database connection established
[2025-12-17 07:09:00] Application ID: APP-20251213073858362
[2025-12-17 07:09:00] Application exists check: NO
[2025-12-17 07:09:00] Exception: Application not found. Please start a new application.
